2022-08-30 19:21:01,603 -  nornir.core -     INFO -        run() - Running task 'execute_commands' with args {'creds_type': 'Primary'} on 1 hosts
2022-08-30 19:47:16,274 -  nornir.core -     INFO -        run() - Running task 'execute_commands' with args {'creds_type': 'Primary'} on 1 hosts
2022-08-30 19:47:22,462 - nornir.core.task -    ERROR -      start() - Host 'LEAF1': task 'send_commands' failed with traceback:
Traceback (most recent call last):
  File "/home/kamil/Network_Interface/.venv/lib/python3.6/site-packages/nornir/core/task.py", line 99, in start
    r = self.task(self, **self.params)
  File "/home/kamil/Network_Interface/.venv/lib/python3.6/site-packages/nornir_scrapli/tasks/core/send_commands.py", line 43, in send_commands
    scrapli_conn = task.host.get_connection("scrapli", task.nornir.config)
  File "/home/kamil/Network_Interface/.venv/lib/python3.6/site-packages/nornir/core/inventory.py", line 502, in get_connection
    extras=conn.extras,
  File "/home/kamil/Network_Interface/.venv/lib/python3.6/site-packages/nornir/core/inventory.py", line 553, in open_connection
    configuration=configuration,
  File "/home/kamil/Network_Interface/.venv/lib/python3.6/site-packages/nornir_scrapli/connection.py", line 98, in open
    connection.open()
  File "/home/kamil/Network_Interface/.venv/lib/python3.6/site-packages/scrapli/driver/base/sync_driver.py", line 82, in open
    self.transport.open()
  File "/home/kamil/Network_Interface/.venv/lib/python3.6/site-packages/scrapli/transport/plugins/ssh2/transport.py", line 72, in open
    raise ScrapliAuthenticationFailed(msg)
scrapli.exceptions.ScrapliAuthenticationFailed: all authentication methods failed

2022-08-30 19:47:29,480 -  nornir.core -     INFO -        run() - Running task 'execute_commands' with args {'creds_type': 'Primary'} on 1 hosts
2022-08-30 19:47:31,739 - nornir.core.task -    ERROR -      start() - Host 'LEAF1': task 'send_commands' failed with traceback:
Traceback (most recent call last):
  File "/home/kamil/Network_Interface/.venv/lib/python3.6/site-packages/nornir/core/task.py", line 99, in start
    r = self.task(self, **self.params)
  File "/home/kamil/Network_Interface/.venv/lib/python3.6/site-packages/nornir_scrapli/tasks/core/send_commands.py", line 50, in send_commands
    timeout_ops=timeout_ops,
  File "/home/kamil/Network_Interface/.venv/lib/python3.6/site-packages/scrapli/driver/network/sync_driver.py", line 291, in send_commands
    timeout_ops=timeout_ops,
  File "/home/kamil/Network_Interface/.venv/lib/python3.6/site-packages/scrapli/driver/generic/sync_driver.py", line 213, in send_commands
    eager=eager,
  File "/home/kamil/Network_Interface/.venv/lib/python3.6/site-packages/scrapli/decorators.py", line 409, in decorate
    result = wrapped_func(*args, **kwargs)
  File "/home/kamil/Network_Interface/.venv/lib/python3.6/site-packages/scrapli/driver/generic/sync_driver.py", line 129, in _send_command
    failed_when_contains=failed_when_contains,
  File "/home/kamil/Network_Interface/.venv/lib/python3.6/site-packages/scrapli/driver/generic/base_driver.py", line 31, in _pre_send_command
    f"`send_command` expects a single string, got {type(command)}, "
scrapli.exceptions.ScrapliTypeError: `send_command` expects a single string, got <class 'list'>, to send a list of commands use the `send_commands` method instead.

2022-08-30 19:48:41,964 -  nornir.core -     INFO -        run() - Running task 'execute_commands' with args {'creds_type': 'Primary'} on 1 hosts
2022-08-30 19:49:04,499 -  nornir.core -     INFO -        run() - Running task 'execute_commands' with args {'creds_type': 'Primary'} on 1 hosts
2022-08-30 19:49:10,640 - nornir.core.task -    ERROR -      start() - Host 'LEAF1': task 'send_commands' failed with traceback:
Traceback (most recent call last):
  File "/home/kamil/Network_Interface/.venv/lib/python3.6/site-packages/nornir/core/task.py", line 99, in start
    r = self.task(self, **self.params)
  File "/home/kamil/Network_Interface/.venv/lib/python3.6/site-packages/nornir_scrapli/tasks/core/send_commands.py", line 43, in send_commands
    scrapli_conn = task.host.get_connection("scrapli", task.nornir.config)
  File "/home/kamil/Network_Interface/.venv/lib/python3.6/site-packages/nornir/core/inventory.py", line 502, in get_connection
    extras=conn.extras,
  File "/home/kamil/Network_Interface/.venv/lib/python3.6/site-packages/nornir/core/inventory.py", line 553, in open_connection
    configuration=configuration,
  File "/home/kamil/Network_Interface/.venv/lib/python3.6/site-packages/nornir_scrapli/connection.py", line 98, in open
    connection.open()
  File "/home/kamil/Network_Interface/.venv/lib/python3.6/site-packages/scrapli/driver/base/sync_driver.py", line 82, in open
    self.transport.open()
  File "/home/kamil/Network_Interface/.venv/lib/python3.6/site-packages/scrapli/transport/plugins/ssh2/transport.py", line 72, in open
    raise ScrapliAuthenticationFailed(msg)
scrapli.exceptions.ScrapliAuthenticationFailed: all authentication methods failed

2022-08-30 19:49:15,110 -  nornir.core -     INFO -        run() - Running task 'execute_commands' with args {'creds_type': 'Primary'} on 1 hosts
2022-08-30 19:53:53,912 -  nornir.core -     INFO -        run() - Running task 'execute_commands' with args {'creds_type': 'Primary'} on 1 hosts
2022-08-30 19:55:32,302 -  nornir.core -     INFO -        run() - Running task 'execute_commands' with args {'creds_type': 'Primary'} on 1 hosts
2022-08-30 19:56:21,829 -  nornir.core -     INFO -        run() - Running task 'execute_commands' with args {'creds_type': 'Primary'} on 1 hosts
2022-08-30 19:59:11,155 -  nornir.core -     INFO -        run() - Running task 'execute_commands' with args {'timestamp': '2022-08-30_19:59', 'creds_type': 'Primary'} on 1 hosts
2022-08-30 19:59:47,815 -  nornir.core -     INFO -        run() - Running task 'execute_commands' with args {'timestamp': '2022-08-30_19-59', 'creds_type': 'Primary'} on 1 hosts
2022-08-30 20:02:08,893 -  nornir.core -     INFO -        run() - Running task 'execute_commands' with args {'timestamp': '2022-08-30_20-02', 'creds_type': 'Primary'} on 1 hosts
2022-08-30 20:02:46,418 -  nornir.core -     INFO -        run() - Running task 'execute_commands' with args {'timestamp': '2022-08-30_20-02', 'creds_type': 'Primary'} on 1 hosts
2022-08-30 20:15:38,547 -  nornir.core -     INFO -        run() - Running task 'execute_commands' with args {'timestamp': '2022-08-30_20-15', 'creds_type': 'Primary'} on 1 hosts
